
**** Build of configuration Debug for project milestone_2 ****

/home/harry/ti/ccsv7/utils/bin/gmake -k -j 4 all -O 
 
Building file: "../helicopterAltitude.c"
Invoking: ARM Compiler
"/home/harry/ti/ccsv7/tools/compiler/ti-cgt-arm_16.9.6.LTS/bin/armcl" -mv7M4 --code_state=16 --float_support=FPv4SPD16 -me --include_path="/home/harry/Documents/University 2019/ENCE361/Project/Milestone2/thu_pm_group-23/milestone_2" --include_path="/home/harry/ti/TivaWare" --include_path="/home/harry/ti/ccsv7/tools/compiler/ti-cgt-arm_16.9.6.LTS/include" --define=ccs="ccs" --define=PART_TM4C123GH6PM -g --gcc --diag_warning=225 --diag_wrap=off --display_error_number --abi=eabi --preproc_with_compile --preproc_dependency="helicopterAltitude.d_raw"  "../helicopterAltitude.c"
Finished building: "../helicopterAltitude.c"
 
Building file: "../circBufT.c"
Invoking: ARM Compiler
"/home/harry/ti/ccsv7/tools/compiler/ti-cgt-arm_16.9.6.LTS/bin/armcl" -mv7M4 --code_state=16 --float_support=FPv4SPD16 -me --include_path="/home/harry/Documents/University 2019/ENCE361/Project/Milestone2/thu_pm_group-23/milestone_2" --include_path="/home/harry/ti/TivaWare" --include_path="/home/harry/ti/ccsv7/tools/compiler/ti-cgt-arm_16.9.6.LTS/include" --define=ccs="ccs" --define=PART_TM4C123GH6PM -g --gcc --diag_warning=225 --diag_wrap=off --display_error_number --abi=eabi --preproc_with_compile --preproc_dependency="circBufT.d_raw"  "../circBufT.c"
Finished building: "../circBufT.c"
 
Building file: "../tm4c123gh6pm_startup_ccs.c"
Invoking: ARM Compiler
"/home/harry/ti/ccsv7/tools/compiler/ti-cgt-arm_16.9.6.LTS/bin/armcl" -mv7M4 --code_state=16 --float_support=FPv4SPD16 -me --include_path="/home/harry/Documents/University 2019/ENCE361/Project/Milestone2/thu_pm_group-23/milestone_2" --include_path="/home/harry/ti/TivaWare" --include_path="/home/harry/ti/ccsv7/tools/compiler/ti-cgt-arm_16.9.6.LTS/include" --define=ccs="ccs" --define=PART_TM4C123GH6PM -g --gcc --diag_warning=225 --diag_wrap=off --display_error_number --abi=eabi --preproc_with_compile --preproc_dependency="tm4c123gh6pm_startup_ccs.d_raw"  "../tm4c123gh6pm_startup_ccs.c"
Finished building: "../tm4c123gh6pm_startup_ccs.c"
 
Building file: "../helicopterMasterController.c"
Invoking: ARM Compiler
"/home/harry/ti/ccsv7/tools/compiler/ti-cgt-arm_16.9.6.LTS/bin/armcl" -mv7M4 --code_state=16 --float_support=FPv4SPD16 -me --include_path="/home/harry/Documents/University 2019/ENCE361/Project/Milestone2/thu_pm_group-23/milestone_2" --include_path="/home/harry/ti/TivaWare" --include_path="/home/harry/ti/ccsv7/tools/compiler/ti-cgt-arm_16.9.6.LTS/include" --define=ccs="ccs" --define=PART_TM4C123GH6PM -g --gcc --diag_warning=225 --diag_wrap=off --display_error_number --abi=eabi --preproc_with_compile --preproc_dependency="helicopterMasterController.d_raw"  "../helicopterMasterController.c"
Finished building: "../helicopterMasterController.c"
 
Building file: "../buttons4.c"
Invoking: ARM Compiler
"/home/harry/ti/ccsv7/tools/compiler/ti-cgt-arm_16.9.6.LTS/bin/armcl" -mv7M4 --code_state=16 --float_support=FPv4SPD16 -me --include_path="/home/harry/Documents/University 2019/ENCE361/Project/Milestone2/thu_pm_group-23/milestone_2" --include_path="/home/harry/ti/TivaWare" --include_path="/home/harry/ti/ccsv7/tools/compiler/ti-cgt-arm_16.9.6.LTS/include" --define=ccs="ccs" --define=PART_TM4C123GH6PM -g --gcc --diag_warning=225 --diag_wrap=off --display_error_number --abi=eabi --preproc_with_compile --preproc_dependency="buttons4.d_raw"  "../buttons4.c"
Finished building: "../buttons4.c"
 
Building file: "../userDisplay.c"
Invoking: ARM Compiler
"/home/harry/ti/ccsv7/tools/compiler/ti-cgt-arm_16.9.6.LTS/bin/armcl" -mv7M4 --code_state=16 --float_support=FPv4SPD16 -me --include_path="/home/harry/Documents/University 2019/ENCE361/Project/Milestone2/thu_pm_group-23/milestone_2" --include_path="/home/harry/ti/TivaWare" --include_path="/home/harry/ti/ccsv7/tools/compiler/ti-cgt-arm_16.9.6.LTS/include" --define=ccs="ccs" --define=PART_TM4C123GH6PM -g --gcc --diag_warning=225 --diag_wrap=off --display_error_number --abi=eabi --preproc_with_compile --preproc_dependency="userDisplay.d_raw"  "../userDisplay.c"
Finished building: "../userDisplay.c"
 
Building file: "../OrbitOLED/lib_OrbitOled/ChrFont0.c"
Invoking: ARM Compiler
"/home/harry/ti/ccsv7/tools/compiler/ti-cgt-arm_16.9.6.LTS/bin/armcl" -mv7M4 --code_state=16 --float_support=FPv4SPD16 -me --include_path="/home/harry/Documents/University 2019/ENCE361/Project/Milestone2/thu_pm_group-23/milestone_2" --include_path="/home/harry/ti/TivaWare" --include_path="/home/harry/ti/ccsv7/tools/compiler/ti-cgt-arm_16.9.6.LTS/include" --define=ccs="ccs" --define=PART_TM4C123GH6PM -g --gcc --diag_warning=225 --diag_wrap=off --display_error_number --abi=eabi --preproc_with_compile --preproc_dependency="OrbitOLED/lib_OrbitOled/ChrFont0.d_raw" --obj_directory="OrbitOLED/lib_OrbitOled"  "../OrbitOLED/lib_OrbitOled/ChrFont0.c"
Finished building: "../OrbitOLED/lib_OrbitOled/ChrFont0.c"
 
Building file: "../OrbitOLED/OrbitOLEDInterface.c"
Invoking: ARM Compiler
"/home/harry/ti/ccsv7/tools/compiler/ti-cgt-arm_16.9.6.LTS/bin/armcl" -mv7M4 --code_state=16 --float_support=FPv4SPD16 -me --include_path="/home/harry/Documents/University 2019/ENCE361/Project/Milestone2/thu_pm_group-23/milestone_2" --include_path="/home/harry/ti/TivaWare" --include_path="/home/harry/ti/ccsv7/tools/compiler/ti-cgt-arm_16.9.6.LTS/include" --define=ccs="ccs" --define=PART_TM4C123GH6PM -g --gcc --diag_warning=225 --diag_wrap=off --display_error_number --abi=eabi --preproc_with_compile --preproc_dependency="OrbitOLED/OrbitOLEDInterface.d_raw" --obj_directory="OrbitOLED"  "../OrbitOLED/OrbitOLEDInterface.c"
Finished building: "../OrbitOLED/OrbitOLEDInterface.c"
 
Building file: "../OrbitOLED/lib_OrbitOled/FillPat.c"
Invoking: ARM Compiler
"/home/harry/ti/ccsv7/tools/compiler/ti-cgt-arm_16.9.6.LTS/bin/armcl" -mv7M4 --code_state=16 --float_support=FPv4SPD16 -me --include_path="/home/harry/Documents/University 2019/ENCE361/Project/Milestone2/thu_pm_group-23/milestone_2" --include_path="/home/harry/ti/TivaWare" --include_path="/home/harry/ti/ccsv7/tools/compiler/ti-cgt-arm_16.9.6.LTS/include" --define=ccs="ccs" --define=PART_TM4C123GH6PM -g --gcc --diag_warning=225 --diag_wrap=off --display_error_number --abi=eabi --preproc_with_compile --preproc_dependency="OrbitOLED/lib_OrbitOled/FillPat.d_raw" --obj_directory="OrbitOLED/lib_OrbitOled"  "../OrbitOLED/lib_OrbitOled/FillPat.c"
Finished building: "../OrbitOLED/lib_OrbitOled/FillPat.c"
 
Building file: "../yawFiniteStateMachine.c"
Invoking: ARM Compiler
"/home/harry/ti/ccsv7/tools/compiler/ti-cgt-arm_16.9.6.LTS/bin/armcl" -mv7M4 --code_state=16 --float_support=FPv4SPD16 -me --include_path="/home/harry/Documents/University 2019/ENCE361/Project/Milestone2/thu_pm_group-23/milestone_2" --include_path="/home/harry/ti/TivaWare" --include_path="/home/harry/ti/ccsv7/tools/compiler/ti-cgt-arm_16.9.6.LTS/include" --define=ccs="ccs" --define=PART_TM4C123GH6PM -g --gcc --diag_warning=225 --diag_wrap=off --display_error_number --abi=eabi --preproc_with_compile --preproc_dependency="yawFiniteStateMachine.d_raw"  "../yawFiniteStateMachine.c"
Finished building: "../yawFiniteStateMachine.c"
 
Building file: "../OrbitOLED/lib_OrbitOled/OrbitOledChar.c"
Invoking: ARM Compiler
"/home/harry/ti/ccsv7/tools/compiler/ti-cgt-arm_16.9.6.LTS/bin/armcl" -mv7M4 --code_state=16 --float_support=FPv4SPD16 -me --include_path="/home/harry/Documents/University 2019/ENCE361/Project/Milestone2/thu_pm_group-23/milestone_2" --include_path="/home/harry/ti/TivaWare" --include_path="/home/harry/ti/ccsv7/tools/compiler/ti-cgt-arm_16.9.6.LTS/include" --define=ccs="ccs" --define=PART_TM4C123GH6PM -g --gcc --diag_warning=225 --diag_wrap=off --display_error_number --abi=eabi --preproc_with_compile --preproc_dependency="OrbitOLED/lib_OrbitOled/OrbitOledChar.d_raw" --obj_directory="OrbitOLED/lib_OrbitOled"  "../OrbitOLED/lib_OrbitOled/OrbitOledChar.c"
Finished building: "../OrbitOLED/lib_OrbitOled/OrbitOledChar.c"
 
Building file: "../OrbitOLED/lib_OrbitOled/delay.c"
Invoking: ARM Compiler
"/home/harry/ti/ccsv7/tools/compiler/ti-cgt-arm_16.9.6.LTS/bin/armcl" -mv7M4 --code_state=16 --float_support=FPv4SPD16 -me --include_path="/home/harry/Documents/University 2019/ENCE361/Project/Milestone2/thu_pm_group-23/milestone_2" --include_path="/home/harry/ti/TivaWare" --include_path="/home/harry/ti/ccsv7/tools/compiler/ti-cgt-arm_16.9.6.LTS/include" --define=ccs="ccs" --define=PART_TM4C123GH6PM -g --gcc --diag_warning=225 --diag_wrap=off --display_error_number --abi=eabi --preproc_with_compile --preproc_dependency="OrbitOLED/lib_OrbitOled/delay.d_raw" --obj_directory="OrbitOLED/lib_OrbitOled"  "../OrbitOLED/lib_OrbitOled/delay.c"
Finished building: "../OrbitOLED/lib_OrbitOled/delay.c"
 
Building file: "../OrbitOLED/lib_OrbitOled/OrbitOled.c"
Invoking: ARM Compiler
"/home/harry/ti/ccsv7/tools/compiler/ti-cgt-arm_16.9.6.LTS/bin/armcl" -mv7M4 --code_state=16 --float_support=FPv4SPD16 -me --include_path="/home/harry/Documents/University 2019/ENCE361/Project/Milestone2/thu_pm_group-23/milestone_2" --include_path="/home/harry/ti/TivaWare" --include_path="/home/harry/ti/ccsv7/tools/compiler/ti-cgt-arm_16.9.6.LTS/include" --define=ccs="ccs" --define=PART_TM4C123GH6PM -g --gcc --diag_warning=225 --diag_wrap=off --display_error_number --abi=eabi --preproc_with_compile --preproc_dependency="OrbitOLED/lib_OrbitOled/OrbitOled.d_raw" --obj_directory="OrbitOLED/lib_OrbitOled"  "../OrbitOLED/lib_OrbitOled/OrbitOled.c"
Finished building: "../OrbitOLED/lib_OrbitOled/OrbitOled.c"
 
Building file: "../OrbitOLED/lib_OrbitOled/OrbitOledGrph.c"
Invoking: ARM Compiler
"/home/harry/ti/ccsv7/tools/compiler/ti-cgt-arm_16.9.6.LTS/bin/armcl" -mv7M4 --code_state=16 --float_support=FPv4SPD16 -me --include_path="/home/harry/Documents/University 2019/ENCE361/Project/Milestone2/thu_pm_group-23/milestone_2" --include_path="/home/harry/ti/TivaWare" --include_path="/home/harry/ti/ccsv7/tools/compiler/ti-cgt-arm_16.9.6.LTS/include" --define=ccs="ccs" --define=PART_TM4C123GH6PM -g --gcc --diag_warning=225 --diag_wrap=off --display_error_number --abi=eabi --preproc_with_compile --preproc_dependency="OrbitOLED/lib_OrbitOled/OrbitOledGrph.d_raw" --obj_directory="OrbitOLED/lib_OrbitOled"  "../OrbitOLED/lib_OrbitOled/OrbitOledGrph.c"
"../OrbitOLED/lib_OrbitOled/OrbitOledGrph.c", line 615: warning #552-D: variable "bTmp" was set but never used
"../OrbitOLED/lib_OrbitOled/OrbitOledGrph.c", line 818: warning #552-D: variable "pbBmp" was set but never used
Finished building: "../OrbitOLED/lib_OrbitOled/OrbitOledGrph.c"
 
Building file: "../ustdlib.c"
Invoking: ARM Compiler
"/home/harry/ti/ccsv7/tools/compiler/ti-cgt-arm_16.9.6.LTS/bin/armcl" -mv7M4 --code_state=16 --float_support=FPv4SPD16 -me --include_path="/home/harry/Documents/University 2019/ENCE361/Project/Milestone2/thu_pm_group-23/milestone_2" --include_path="/home/harry/ti/TivaWare" --include_path="/home/harry/ti/ccsv7/tools/compiler/ti-cgt-arm_16.9.6.LTS/include" --define=ccs="ccs" --define=PART_TM4C123GH6PM -g --gcc --diag_warning=225 --diag_wrap=off --display_error_number --abi=eabi --preproc_with_compile --preproc_dependency="ustdlib.d_raw"  "../ustdlib.c"
Finished building: "../ustdlib.c"
 
Building target: "milestone_2.out"
Invoking: ARM Linker
"/home/harry/ti/ccsv7/tools/compiler/ti-cgt-arm_16.9.6.LTS/bin/armcl" -mv7M4 --code_state=16 --float_support=FPv4SPD16 -me --define=ccs="ccs" --define=PART_TM4C123GH6PM -g --gcc --diag_warning=225 --diag_wrap=off --display_error_number --abi=eabi -z -m"milestone_2.map" --heap_size=4096 --stack_size=4096 -i"/home/harry/ti/ccsv7/tools/compiler/ti-cgt-arm_16.9.6.LTS/lib" -i"/home/harry/ti/ccsv7/tools/compiler/ti-cgt-arm_16.9.6.LTS/include" --reread_libs --diag_wrap=off --display_error_number --warn_sections --xml_link_info="milestone_2_linkInfo.xml" --rom_model -o "milestone_2.out" "./buttons4.obj" "./circBufT.obj" "./helicopterAltitude.obj" "./helicopterMasterController.obj" "./tm4c123gh6pm_startup_ccs.obj" "./userDisplay.obj" "./ustdlib.obj" "./yawFiniteStateMachine.obj" "./OrbitOLED/OrbitOLEDInterface.obj" "./OrbitOLED/lib_OrbitOled/ChrFont0.obj" "./OrbitOLED/lib_OrbitOled/FillPat.obj" "./OrbitOLED/lib_OrbitOled/OrbitOled.obj" "./OrbitOLED/lib_OrbitOled/OrbitOledChar.obj" "./OrbitOLED/lib_OrbitOled/OrbitOledGrph.obj" "./OrbitOLED/lib_OrbitOled/delay.obj" "../tm4c123gh6pm.cmd"  -l"/home/harry/ti/TivaWare/driverlib/ccs/Debug/driverlib.lib" 
<Linking>
Finished building target: "milestone_2.out"
 

**** Build Finished ****
